[Fri, 02 Mar 2012 19:48:10 GMT] INFO Server starting with config: {
  "environment": "development",
  "workers": 1,
  "port": 4000,
  "debug": true,
  "rotateWorkers": false,
  "rotationWindow": 7200000,
  "rotationTimeout": 300000,
  "logDir": "/home/frankwallenborn/repos/node-webmud/editor/log",
  "gracefulShutdownTimeout": 30000,
  "heartbeatInterval": 5000,
  "heartbeatWindow": 20000,
  "staticFilePath": "/home/frankwallenborn/repos/node-webmud/editor/public",
  "sessions": {
    "store": "memory",
    "key": "sid",
    "expiry": 1209600
  },
  "cookieSessionKey": "sdata",
  "metrics": null,
  "detailedErrors": true,
  "hostname": null
}
[Fri, 02 Mar 2012 19:48:10 GMT] INFO Creating 1 worker process.
[Fri, 02 Mar 2012 19:48:10 GMT] INFO Server worker running in development on port 4000 with a PID of: 3390
[Fri, 02 Mar 2012 19:48:10 GMT] DEBUG LOGGING STARTED ============================================
[Fri, 02 Mar 2012 19:48:10 GMT] DEBUG ============================================================
