[Wed, 15 Feb 2012 07:59:42 GMT] INFO Server starting with config: {
  "environment": "development",
  "workers": 1,
  "port": 4000,
  "debug": true,
  "rotateWorkers": false,
  "rotationWindow": 7200000,
  "rotationTimeout": 300000,
  "logDir": "/home/frank/WebstormProjects/Mud/editor/log",
  "gracefulShutdownTimeout": 30000,
  "heartbeatInterval": 5000,
  "heartbeatWindow": 20000,
  "staticFilePath": "/home/frank/WebstormProjects/Mud/editor/public",
  "sessions": {
    "store": "memory",
    "key": "sid",
    "expiry": 1209600
  },
  "cookieSessionKey": "sdata",
  "metrics": null,
  "detailedErrors": true,
  "hostname": null
}
[Wed, 15 Feb 2012 07:59:42 GMT] INFO Creating 1 worker process.
[Wed, 15 Feb 2012 07:59:42 GMT] INFO Server worker running in development on port 4000 with a PID of: 2973
[Wed, 15 Feb 2012 07:59:42 GMT] DEBUG LOGGING STARTED ============================================
[Wed, 15 Feb 2012 07:59:42 GMT] DEBUG ============================================================
[Wed, 15 Feb 2012 08:02:08 GMT] DEBUG POST /locations
[Wed, 15 Feb 2012 08:02:08 GMT] DEBUG received data
[Wed, 15 Feb 2012 08:04:01 GMT] DEBUG POST /locations
[Wed, 15 Feb 2012 08:04:01 GMT] DEBUG received data
[Wed, 15 Feb 2012 08:04:08 GMT] DEBUG POST /locations
[Wed, 15 Feb 2012 08:04:08 GMT] DEBUG received data
[Wed, 15 Feb 2012 08:11:12 GMT] DEBUG POST /locations
[Wed, 15 Feb 2012 08:11:12 GMT] DEBUG received data
[Wed, 15 Feb 2012 08:14:49 GMT] DEBUG POST /locations
[Wed, 15 Feb 2012 08:14:49 GMT] DEBUG received data
[Wed, 15 Feb 2012 08:16:23 GMT] DEBUG POST /locations
[Wed, 15 Feb 2012 08:16:23 GMT] DEBUG received data
[Wed, 15 Feb 2012 08:17:24 GMT] INFO Creating 1 worker process.
[Wed, 15 Feb 2012 08:17:24 GMT] INFO Server worker running in development on port 4000 with a PID of: 3059
[Wed, 15 Feb 2012 08:17:24 GMT] DEBUG LOGGING STARTED ============================================
[Wed, 15 Feb 2012 08:17:24 GMT] DEBUG ============================================================
[Wed, 15 Feb 2012 08:17:32 GMT] DEBUG POST /locations
[Wed, 15 Feb 2012 08:17:32 GMT] DEBUG received data
[Wed, 15 Feb 2012 08:24:38 GMT] INFO Creating 1 worker process.
[Wed, 15 Feb 2012 08:24:39 GMT] INFO Server worker running in development on port 4000 with a PID of: 3093
[Wed, 15 Feb 2012 08:24:39 GMT] DEBUG LOGGING STARTED ============================================
[Wed, 15 Feb 2012 08:24:39 GMT] DEBUG ============================================================
