[Tue, 14 Feb 2012 08:17:22 GMT] INFO Server starting with config: {
  "environment": "development",
  "workers": 1,
  "port": 4000,
  "debug": true,
  "rotateWorkers": false,
  "rotationWindow": 7200000,
  "rotationTimeout": 300000,
  "logDir": "/home/frank/WebstormProjects/Mud/editor/log",
  "gracefulShutdownTimeout": 30000,
  "heartbeatInterval": 5000,
  "heartbeatWindow": 20000,
  "staticFilePath": "/home/frank/WebstormProjects/Mud/editor/public",
  "sessions": {
    "store": "memory",
    "key": "sid",
    "expiry": 1209600
  },
  "cookieSessionKey": "sdata",
  "metrics": null,
  "detailedErrors": true,
  "hostname": null
}
[Tue, 14 Feb 2012 08:17:22 GMT] INFO Creating 1 worker process.
[Tue, 14 Feb 2012 08:17:22 GMT] INFO Server worker running in development on port 4000 with a PID of: 9560
[Tue, 14 Feb 2012 08:17:22 GMT] DEBUG LOGGING STARTED ============================================
[Tue, 14 Feb 2012 08:17:22 GMT] DEBUG ============================================================
